<?xml version="1.0" encoding="UTF-8"?>
<!-- Generated by org.testng.reporters.JUnitXMLReporter -->
<testsuite ignored="8" hostname="DESKTOP-0934HOR" failures="0" tests="8" name="Test" time="0.232" errors="0" timestamp="2023-05-22T17:43:35 IST">
  <testcase classname="learntestng.ClassOne" name="nameA" time="0.013"/>
  <testcase classname="learntestng.ClassOne" name="nameB" time="0.011"/>
  <testcase classname="learntestng.ClassOne" name="nameC" time="0.009"/>
  <testcase classname="learntestng.ClassThree" name="nameF" time="0.005"/>
  <testcase classname="learntestng.ClassThree" name="nameG" time="0.007"/>
  <testcase classname="learntestng.ClassThree" name="nameH" time="0.004"/>
  <testcase classname="learntestng.ClassTwo" name="nameD" time="0.018"/>
  <testcase classname="learntestng.ClassTwo" name="nameE" time="0.003"/>
  <testcase classname="learntestng.TestNGBaseClass" name="@BeforeTest configBeforeTest" time="0.0">
    <ignored/>
  </testcase> <!-- @BeforeTest configBeforeTest -->
  <testcase classname="learntestng.TestNGBaseClass" name="@BeforeTest configBeforeTest" time="0.0">
    <ignored/>
  </testcase> <!-- @BeforeTest configBeforeTest -->
  <testcase classname="learntestng.TestNGBaseClass" name="@AfterSuite configAfterSuite" time="0.0">
    <ignored/>
  </testcase> <!-- @AfterSuite configAfterSuite -->
  <testcase classname="learntestng.TestNGBaseClass" name="@AfterSuite configAfterSuite" time="0.0">
    <ignored/>
  </testcase> <!-- @AfterSuite configAfterSuite -->
  <testcase classname="learntestng.TestNGBaseClass" name="@AfterTest configAfterTest" time="0.0">
    <ignored/>
  </testcase> <!-- @AfterTest configAfterTest -->
  <testcase classname="learntestng.TestNGBaseClass" name="@AfterTest configAfterTest" time="0.0">
    <ignored/>
  </testcase> <!-- @AfterTest configAfterTest -->
  <testcase classname="learntestng.TestNGBaseClass" name="@BeforeSuite configBeforeSuite" time="0.0">
    <ignored/>
  </testcase> <!-- @BeforeSuite configBeforeSuite -->
  <testcase classname="learntestng.TestNGBaseClass" name="@BeforeSuite configBeforeSuite" time="0.0">
    <ignored/>
  </testcase> <!-- @BeforeSuite configBeforeSuite -->
</testsuite> <!-- Test -->
