<?xml version="1.0" encoding="UTF-8"?>
<testng-results ignored="0" total="1" passed="1" failed="0" skipped="0">
  <reporter-output>
  </reporter-output>
  <suite started-at="2023-10-15T14:59:31 IST" name="Default suite" finished-at="2023-10-15T15:00:28 IST" duration-ms="56383">
    <groups>
    </groups>
    <test started-at="2023-10-15T14:59:31 IST" name="Default test" finished-at="2023-10-15T15:00:28 IST" duration-ms="56383">
      <class name="com.trello.qspiders.endtoend.SwiggyOrder">
        <test-method is-config="true" signature="configBeforeMethod()[pri:0, instance:com.trello.qspiders.endtoend.SwiggyOrder@68999068]" started-at="2023-10-15T14:59:31 IST" name="configBeforeMethod" finished-at="2023-10-15T15:00:08 IST" duration-ms="36326" status="PASS">
          <reporter-output>
          </reporter-output>
        </test-method> <!-- configBeforeMethod -->
        <test-method signature="orderBiryani()[pri:0, instance:com.trello.qspiders.endtoend.SwiggyOrder@68999068]" started-at="2023-10-15T15:00:08 IST" name="orderBiryani" finished-at="2023-10-15T15:00:20 IST" duration-ms="12659" status="PASS">
          <reporter-output>
          </reporter-output>
        </test-method> <!-- orderBiryani -->
        <test-method is-config="true" signature="configAfterMethod()[pri:0, instance:com.trello.qspiders.endtoend.SwiggyOrder@68999068]" started-at="2023-10-15T15:00:20 IST" name="configAfterMethod" finished-at="2023-10-15T15:00:28 IST" duration-ms="7313" status="PASS">
          <reporter-output>
          </reporter-output>
        </test-method> <!-- configAfterMethod -->
      </class> <!-- com.trello.qspiders.endtoend.SwiggyOrder -->
    </test> <!-- Default test -->
  </suite> <!-- Default suite -->
</testng-results>
