<?xml version="1.0" encoding="UTF-8"?>
<!-- Generated by org.testng.reporters.JUnitXMLReporter -->
<testsuite ignored="7" hostname="DESKTOP-0934HOR" failures="0" tests="1" name="functionalitytesting" time="0.098" errors="0" timestamp="2023-05-22T18:27:14 IST">
  <testcase classname="learntestng.ClassOne" name="nameB" time="0.021"/>
  <testcase classname="learntestng.ClassThree" name="nameH" time="0.0">
    <ignored/>
  </testcase> <!-- nameH -->
  <testcase classname="learntestng.ClassOne" name="nameC" time="0.0">
    <ignored/>
  </testcase> <!-- nameC -->
  <testcase classname="learntestng.ClassThree" name="nameF" time="0.0">
    <ignored/>
  </testcase> <!-- nameF -->
  <testcase classname="learntestng.ClassOne" name="nameA" time="0.0">
    <ignored/>
  </testcase> <!-- nameA -->
  <testcase classname="learntestng.ClassTwo" name="nameD" time="0.0">
    <ignored/>
  </testcase> <!-- nameD -->
  <testcase classname="learntestng.ClassThree" name="nameG" time="0.0">
    <ignored/>
  </testcase> <!-- nameG -->
  <testcase classname="learntestng.ClassTwo" name="nameE" time="0.0">
    <ignored/>
  </testcase> <!-- nameE -->
</testsuite> <!-- functionalitytesting -->
